2017-09-07 22:05:19 - PHP Notice:  Undefined variable: quantity in D:\dev\ugg.opencart\catalog\view\theme\default\template\common\header.tpl on line 81
2017-09-07 22:07:25 - PHP Notice:  Undefined offset: 0 in D:\dev\ugg.opencart\catalog\view\theme\default\template\common\content_top.tpl on line 1
2017-09-07 22:07:25 - PHP Notice:  Undefined offset: 1 in D:\dev\ugg.opencart\catalog\view\theme\default\template\common\content_top.tpl on line 2
2017-09-07 22:07:25 - PHP Notice:  Undefined offset: 2 in D:\dev\ugg.opencart\catalog\view\theme\default\template\common\content_top.tpl on line 3
2017-09-07 22:07:25 - PHP Notice:  Undefined offset: 3 in D:\dev\ugg.opencart\catalog\view\theme\default\template\common\content_top.tpl on line 4
2017-09-07 22:07:25 - PHP Notice:  Undefined offset: 4 in D:\dev\ugg.opencart\catalog\view\theme\default\template\common\content_top.tpl on line 5
2017-09-07 22:07:25 - PHP Notice:  Undefined offset: 5 in D:\dev\ugg.opencart\catalog\view\theme\default\template\common\content_top.tpl on line 6
2017-09-07 22:07:25 - PHP Notice:  Undefined offset: 6 in D:\dev\ugg.opencart\catalog\view\theme\default\template\common\content_top.tpl on line 7
2017-09-07 22:07:25 - PHP Notice:  Undefined offset: 7 in D:\dev\ugg.opencart\catalog\view\theme\default\template\common\content_top.tpl on line 8
2017-09-07 22:07:25 - PHP Notice:  Undefined offset: 8 in D:\dev\ugg.opencart\catalog\view\theme\default\template\common\content_top.tpl on line 30
2017-09-07 22:07:29 - PHP Notice:  Undefined variable: quantity in D:\dev\ugg.opencart\catalog\view\theme\default\template\common\header.tpl on line 81
2017-09-07 22:08:36 - PHP Notice:  Undefined variable: quantity in D:\dev\ugg.opencart\catalog\view\theme\default\template\common\header.tpl on line 81
2017-09-07 22:08:59 - PHP Notice:  Undefined variable: quantity in D:\dev\ugg.opencart\catalog\view\theme\default\template\common\header.tpl on line 81
2017-09-07 22:09:59 - PHP Notice:  Undefined variable: quantity in D:\dev\ugg.opencart\catalog\view\theme\default\template\common\header.tpl on line 81
2017-09-07 22:10:50 - PHP Notice:  Undefined variable: quantity in D:\dev\ugg.opencart\catalog\view\theme\default\template\common\header.tpl on line 81
2017-09-07 22:11:16 - PHP Notice:  Undefined variable: quantity in D:\dev\ugg.opencart\catalog\view\theme\default\template\common\header.tpl on line 81
2017-09-07 22:11:18 - PHP Notice:  Undefined index: firstname in D:\dev\ugg.opencart\catalog\controller\checkout\confirm.php on line 437
2017-09-07 22:11:18 - PHP Notice:  Undefined index: telephone in D:\dev\ugg.opencart\catalog\controller\checkout\confirm.php on line 438
2017-09-07 22:11:18 - PHP Notice:  Undefined index: total_price in D:\dev\ugg.opencart\catalog\controller\checkout\confirm.php on line 439
2017-09-07 22:11:18 - PHP Notice:  Undefined index: delivery_type in D:\dev\ugg.opencart\catalog\controller\checkout\confirm.php on line 440
2017-09-07 22:11:18 - PHP Notice:  Undefined index: products in D:\dev\ugg.opencart\catalog\controller\checkout\confirm.php on line 444
2017-09-07 22:11:18 - PHP Warning:  Invalid argument supplied for foreach() in D:\dev\ugg.opencart\catalog\controller\checkout\confirm.php on line 444
2017-09-07 22:11:18 - PHP Notice:  Undefined variable: new_product_data in D:\dev\ugg.opencart\catalog\controller\checkout\confirm.php on line 475
2017-09-07 22:11:18 - PHP Warning:  Invalid argument supplied for foreach() in D:\dev\ugg.opencart\vqmod\vqcache\vq2-catalog_model_catalog_product.php on line 8
2017-09-07 22:11:33 - PHP Notice:  Undefined variable: quantity in D:\dev\ugg.opencart\catalog\view\theme\default\template\common\header.tpl on line 81
2017-09-07 22:12:04 - PHP Notice:  Undefined variable: quantity in D:\dev\ugg.opencart\catalog\view\theme\default\template\common\header.tpl on line 81
